<?xml version="1.0" encoding="UTF-8"?>
<testng-results skipped="0" failed="0" ignored="0" total="0" passed="0">
  <reporter-output>
  </reporter-output>
  <suite name="RunTest.RunnerTest" duration-ms="7" started-at="2020-02-03T10:02:21Z" finished-at="2020-02-03T10:02:21Z">
    <groups>
    </groups>
    <test name="Command line test" duration-ms="7" started-at="2020-02-03T10:02:21Z" finished-at="2020-02-03T10:02:21Z">
    </test> <!-- Command line test -->
  </suite> <!-- RunTest.RunnerTest -->
</testng-results>
